1508935360947	geckodriver	INFO	geckodriver 0.19.0
1508935361019	geckodriver	INFO	Listening on 127.0.0.1:60811
1508935362078	mozrunner::runner	INFO	Running command: "/Applications/Firefox.app/Contents/MacOS/firefox-bin" "-marionette" "-profile" "/var/folders/xp/sxvkdz6x3tg181rzl20jcy3w0000gn/T/rust_mozprofile.qOmW4E4czBD5"
1508935362442	addons.xpi	WARN	Error parsing extensions state: [Exception... "Component returned failure code: 0x80520012 (NS_ERROR_FILE_NOT_FOUND) [amIAddonManagerStartup.readStartupData]"  nsresult: "0x80520012 (NS_ERROR_FILE_NOT_FOUND)"  location: "JS frame :: resource://gre/modules/addons/XPIProvider.jsm :: loadExtensionState :: line 1554"  data: no] Stack trace: loadExtensionState()@resource://gre/modules/addons/XPIProvider.jsm:1554 < getInstallState()@resource://gre/modules/addons/XPIProvider.jsm:1589 < checkForChanges()@resource://gre/modules/addons/XPIProvider.jsm:3109 < startup()@resource://gre/modules/addons/XPIProvider.jsm:2188 < callProvider()@resource://gre/modules/AddonManager.jsm:269 < _startProvider()@resource://gre/modules/AddonManager.jsm:739 < startup()@resource://gre/modules/AddonManager.jsm:906 < startup()@resource://gre/modules/AddonManager.jsm:3090 < observe()@jar:file:///Applications/Firefox.app/Contents/Resources/omni.ja!/components/addonManager.js:65
1508935362789	Marionette	INFO	Enabled via --marionette
2017-10-25 10:42:43.862 plugin-container[9865:368648] *** CFMessagePort: bootstrap_register(): failed 1100 (0x44c) 'Permission denied', port = 0x9d3b, name = 'com.apple.tsm.portname'
See /usr/include/servers/bootstrap_defs.h for the error codes.
2017-10-25 10:42:43.863 plugin-container[9865:368648] *** CFMessagePort: bootstrap_register(): failed 1100 (0x44c) 'Permission denied', port = 0xa003, name = 'com.apple.CFPasteboardClient'
See /usr/include/servers/bootstrap_defs.h for the error codes.
1508935364427	Marionette	INFO	Listening on port 60828
1508935364484	Marionette	WARN	TLS certificate errors will be ignored for this session
1508935364527	Marionette	DEBUG	Register listener.js for window 2147483649
1508935364553	Marionette	DEBUG	Received DOM event "beforeunload" for "about:blank"
1508935366946	Marionette	DEBUG	Received DOM event "pagehide" for "about:blank"
1508935366947	Marionette	DEBUG	Received DOM event "unload" for "about:blank"
JavaScript warning: https://ajax.googleapis.com/ajax/libs/jquery/1.9.1/jquery.min.js, line 1: Using //@ to indicate sourceMappingURL pragmas is deprecated. Use //# instead
1508935369051	Marionette	DEBUG	Received DOM event "DOMContentLoaded" for "https://2captcha.com/"
1508935370675	Marionette	DEBUG	Received observer notification "outer-window-destroyed" for "2147483656"
1508935371111	Marionette	DEBUG	Received DOM event "pageshow" for "https://2captcha.com/"
1508935371568	Marionette	DEBUG	Canceled page load listener because no navigation has been detected
1508953838239	geckodriver	INFO	geckodriver 0.19.0
1508953838308	geckodriver	INFO	Listening on 127.0.0.1:50160
1508953839374	mozrunner::runner	INFO	Running command: "/Applications/Firefox.app/Contents/MacOS/firefox-bin" "-marionette" "-profile" "/var/folders/xp/sxvkdz6x3tg181rzl20jcy3w0000gn/T/rust_mozprofile.02WM2b3Qtvbj"
1508953839724	addons.xpi	WARN	Error parsing extensions state: [Exception... "Component returned failure code: 0x80520012 (NS_ERROR_FILE_NOT_FOUND) [amIAddonManagerStartup.readStartupData]"  nsresult: "0x80520012 (NS_ERROR_FILE_NOT_FOUND)"  location: "JS frame :: resource://gre/modules/addons/XPIProvider.jsm :: loadExtensionState :: line 1554"  data: no] Stack trace: loadExtensionState()@resource://gre/modules/addons/XPIProvider.jsm:1554 < getInstallState()@resource://gre/modules/addons/XPIProvider.jsm:1589 < checkForChanges()@resource://gre/modules/addons/XPIProvider.jsm:3109 < startup()@resource://gre/modules/addons/XPIProvider.jsm:2188 < callProvider()@resource://gre/modules/AddonManager.jsm:269 < _startProvider()@resource://gre/modules/AddonManager.jsm:739 < startup()@resource://gre/modules/AddonManager.jsm:906 < startup()@resource://gre/modules/AddonManager.jsm:3090 < observe()@jar:file:///Applications/Firefox.app/Contents/Resources/omni.ja!/components/addonManager.js:65
1508953840082	Marionette	INFO	Enabled via --marionette
2017-10-25 15:50:41.149 plugin-container[14221:466148] *** CFMessagePort: bootstrap_register(): failed 1100 (0x44c) 'Permission denied', port = 0x9d3b, name = 'com.apple.tsm.portname'
See /usr/include/servers/bootstrap_defs.h for the error codes.
2017-10-25 15:50:41.150 plugin-container[14221:466148] *** CFMessagePort: bootstrap_register(): failed 1100 (0x44c) 'Permission denied', port = 0xa003, name = 'com.apple.CFPasteboardClient'
See /usr/include/servers/bootstrap_defs.h for the error codes.
1508953841646	Marionette	INFO	Listening on port 50169
1508953841677	Marionette	WARN	TLS certificate errors will be ignored for this session
1508953841730	Marionette	DEBUG	Register listener.js for window 2147483649
1508953841756	Marionette	DEBUG	Received DOM event "beforeunload" for "about:blank"
1508953844553	Marionette	DEBUG	Received DOM event "pagehide" for "about:blank"
1508953844555	Marionette	DEBUG	Received DOM event "unload" for "about:blank"
JavaScript warning: https://ajax.googleapis.com/ajax/libs/jquery/1.9.1/jquery.min.js, line 1: Using //@ to indicate sourceMappingURL pragmas is deprecated. Use //# instead
1508953847070	Marionette	DEBUG	Received DOM event "DOMContentLoaded" for "https://2captcha.com/"
1508953848179	Marionette	DEBUG	Received observer notification "outer-window-destroyed" for "2147483656"
1508953848988	Marionette	DEBUG	Received observer notification "outer-window-destroyed" for "2147483660"
1508953848996	Marionette	DEBUG	Received DOM event "pageshow" for "https://2captcha.com/"
1508953849385	Marionette	DEBUG	Canceled page load listener because no navigation has been detected
JavaScript warning: https://thesmartcrowd.lionbridge.com/Scripts/lib/jquery-1.10.2.min.js, line 1: Using //@ to indicate sourceMappingURL pragmas is deprecated. Use //# instead
JavaScript warning: https://thesmartcrowd.lionbridge.com/Scripts/lib/jquery-1.10.2.min.js, line 1: Using //@ to indicate sourceMappingURL pragmas is deprecated. Use //# instead
JavaScript warning: https://makeculous.com/Scripts/default/assets/plugins/jquery/jquery-1.9.1.min.js, line 1: Using //@ to indicate sourceMappingURL pragmas is deprecated. Use //# instead
JavaScript warning: https://makeculous.com/Scripts/default/assets/plugins/jquery/jquery-migrate-1.1.0.min.js, line 3: Using //@ to indicate sourceMappingURL pragmas is deprecated. Use //# instead
JavaScript warning: https://makeculous.com/Scripts/default/assets/plugins/jquery/jquery-1.9.1.min.js, line 1: Using //@ to indicate sourceMappingURL pragmas is deprecated. Use //# instead
JavaScript warning: https://makeculous.com/Scripts/default/assets/plugins/jquery/jquery-migrate-1.1.0.min.js, line 3: Using //@ to indicate sourceMappingURL pragmas is deprecated. Use //# instead
JavaScript warning: https://makeculous.com/Scripts/default/assets/plugins/jquery/jquery-1.9.1.min.js, line 1: Using //@ to indicate sourceMappingURL pragmas is deprecated. Use //# instead
JavaScript warning: https://makeculous.com/Scripts/default/assets/plugins/jquery/jquery-migrate-1.1.0.min.js, line 3: Using //@ to indicate sourceMappingURL pragmas is deprecated. Use //# instead
JavaScript warning: https://makeculous.com/Scripts/default/assets/plugins/jquery/jquery-1.9.1.min.js, line 1: Using //@ to indicate sourceMappingURL pragmas is deprecated. Use //# instead
JavaScript warning: https://makeculous.com/Scripts/default/assets/plugins/jquery/jquery-migrate-1.1.0.min.js, line 3: Using //@ to indicate sourceMappingURL pragmas is deprecated. Use //# instead
JavaScript warning: https://makeculous.com/Scripts/default/assets/plugins/jquery/jquery-1.9.1.min.js, line 1: Using //@ to indicate sourceMappingURL pragmas is deprecated. Use //# instead
JavaScript warning: https://makeculous.com/Scripts/default/assets/plugins/jquery/jquery-migrate-1.1.0.min.js, line 3: Using //@ to indicate sourceMappingURL pragmas is deprecated. Use //# instead
JavaScript error: https://makeculous.com/Scripts/home/assets/js/apps.min.js, line 6: TypeError: $(...).live is not a function
JavaScript warning: https://makeculous.com/Scripts/default/assets/plugins/jquery/jquery-1.9.1.min.js, line 1: Using //@ to indicate sourceMappingURL pragmas is deprecated. Use //# instead
JavaScript warning: https://makeculous.com/Scripts/default/assets/plugins/jquery/jquery-migrate-1.1.0.min.js, line 3: Using //@ to indicate sourceMappingURL pragmas is deprecated. Use //# instead
JavaScript warning: https://makeculous.com/Scripts/default/assets/plugins/jquery/jquery-1.9.1.min.js, line 1: Using //@ to indicate sourceMappingURL pragmas is deprecated. Use //# instead
JavaScript warning: https://makeculous.com/Scripts/default/assets/plugins/jquery/jquery-migrate-1.1.0.min.js, line 3: Using //@ to indicate sourceMappingURL pragmas is deprecated. Use //# instead
JavaScript warning: https://makeculous.com/Scripts/default/assets/plugins/jquery/jquery-1.9.1.min.js, line 1: Using //@ to indicate sourceMappingURL pragmas is deprecated. Use //# instead
JavaScript warning: https://makeculous.com/Scripts/default/assets/plugins/jquery/jquery-migrate-1.1.0.min.js, line 3: Using //@ to indicate sourceMappingURL pragmas is deprecated. Use //# instead
JavaScript warning: https://makeculous.com/Scripts/default/assets/plugins/jquery/jquery-1.9.1.min.js, line 1: Using //@ to indicate sourceMappingURL pragmas is deprecated. Use //# instead
JavaScript warning: https://makeculous.com/Scripts/default/assets/plugins/jquery/jquery-migrate-1.1.0.min.js, line 3: Using //@ to indicate sourceMappingURL pragmas is deprecated. Use //# instead
